iMPACT Version: 13.4

iMPACT log file Started on Wed Mar 18 16:58:25 2015

Welcome to iMPACT
iMPACT Version: 13.4
Project: 'S:\Embedded MultimediaSystems\up_down_shift_reg_4bit\\auto_project.ipf' already exists.
Original project has been renamed to 'S:\Embedded MultimediaSystems\up_down_shift_reg_4bit\\auto_project_1.ipf'.
Project: S:\Embedded Multimedia Systems\up_down_shift_reg_4bit\\auto_project.ipfcreated.
// *** BATCH CMD : setMode -bs
GUI --- Auto connect to cable...
// *** BATCH CMD : setCable -port auto
INFO:iMPACT - Digilent Plugin: no JTAG device was found.
AutoDetecting cable. Please wait.
PROGRESS_START - Starting Operation.
Connecting to cable (Usb Port - USB21).
Checking cable driver.
 Driver file xusb_emb.sys found.
 Driver version: src=1029, dest=1029.
 Driver windrvr6.sys version = 10.2.1.0. WinDriver v10.21 Jungo (c) 1997 - 2010 Build Date: Aug 31 2010 x86_64 64bit SYS14:14:44, version = 1021.
 Cable PID = 0008.
 Max current requested during enumeration is 74 mA.
Type = 0x0004.
 Cable Type = 3, Revision = 0.
 Setting cable speed to 6 MHz.
Cable connection established.
Firmware version = 1303.
File version of C:/Xilinx/13.4/ISE_DS/ISE/data/xusb_xlp.hex = 1303.
Firmware hex file version = 1303.
PLD file version = 0012h.
 PLD version = 0012h.
PROGRESS_END - End Operation.
Elapsed time =      0 sec.
Type = 0x0004.
 ESN device is not available for this cable.
Attempting to identify devices in the boundary-scan chain configuration...
INFO:iMPACT - Current time: 3/18/2015 4:58:28 PM
// *** BATCH CMD : Identify -inferir 
PROGRESS_START - Starting Operation.
Identifying chain contents...'0': : Manufacturer's ID = Xilinx xc2c64a, Version : 0
INFO:iMPACT:1777 - 
   Reading C:/Xilinx/13.4/ISE_DS/ISE/xbr/data/xc2c64a.bsd...
INFO:iMPACT:501 - '1': Added Device xc2c64a successfully.
----------------------------------------------------------------------
'1': : Manufacturer's ID = Xilinx xcf04s, Version : 15
INFO:iMPACT:1777 - 
   Reading C:/Xilinx/13.4/ISE_DS/ISE/xcf/data/xcf04s.bsd...
INFO:iMPACT:501 - '1': Added Device xcf04s successfully.
----------------------------------------------------------------------
'2': : Manufacturer's ID = Xilinx xc3s500e, Version : 4
INFO:iMPACT:1777 - 
   Reading C:/Xilinx/13.4/ISE_DS/ISE/spartan3e/data/xc3s500e.bsd...
INFO:iMPACT:501 - '1': Added Device xc3s500e successfully.
----------------------------------------------------------------------
done.
PROGRESS_END - End Operation.
Elapsed time =      0 sec.
// *** BATCH CMD : identifyMPM 
// *** BATCH CMD : assignFile -p 1 -file "C:/Users/stJu616Da6503/Desktop/maqams3-12-15/main.bit"
'1': Loading file 'C:/Users/stJu616Da6503/Desktop/maqams 3-12-15/main.bit' ...
done.
INFO:iMPACT:2257 - Startup Clock has been changed to 'JtagClk' in the bitstream   stored in memory,
   but the original bitstream file remains unchanged.
UserID read from the bitstream file = 0xFFFFFFFF.
----------------------------------------------------------------------
INFO:iMPACT:501 - '1': Added Device xc3s500e successfully.
----------------------------------------------------------------------
INFO:iMPACT - Current time: 3/18/2015 4:58:45 PM
// *** BATCH CMD : Program -p 1 
Maximum TCK operating frequency for this device chain: 10000000.
Validating chain...
Boundary-scan chain validated successfully.
'1': Programming device...
PROGRESS_START - Starting Operation.
 LCK_cycle = NoWait.
LCK cycle: NoWait
done.
INFO:iMPACT:2219 - Status register values:
INFO:iMPACT - 0011 0111 0001 1000 0000 0000 0000 0000 
INFO:iMPACT:579 - '1': Completed downloading bit file to device.
INFO:iMPACT:188 - '1': Programming completed successfully.
 LCK_cycle = NoWait.
LCK cycle: NoWait
INFO:iMPACT - '1': Checking done pin....done.
'1': Programmed successfully.
PROGRESS_END - End Operation.
Elapsed time =      1 sec.
